
2025-11-21 07:47:30 
array (
  10390 => 
  array (
    'text' => 'Невозможно установить продукт (активирован режим разработки).
Обнаружен каталог .git или .svn. Чтобы игнорировать режим разработки, добавьте параметр \'installer_in_developer_mode\' => true в файл wa-config/config.php.',
    'result' => 'fail',
    't' => 1763711250,
  ),
)

2025-11-21 07:48:19 
array (
  65695 => 
  array (
    'text' => 'Невозможно установить продукт (активирован режим разработки).
Обнаружен каталог .git или .svn. Чтобы игнорировать режим разработки, добавьте параметр \'installer_in_developer_mode\' => true в файл wa-config/config.php.',
    'result' => 'fail',
    't' => 1763711299,
  ),
)

2025-11-21 20:15:56 
array (
  42870 => 
  array (
    'text' => 'Выберите продукты для обновления',
    'result' => 'fail',
    't' => 1763756156,
  ),
)
